\BOOKMARK [-1][]{section*.1}{\376\377\000\315\000n\000d\000i\000c\000e}{}% 1
\BOOKMARK [0][]{chapter.1}{\376\377\000V\000a\000r\000i\000e\000d\000a\000d\000e\000s\000\040\000D\000i\000f\000e\000r\000e\000n\000c\000i\000a\000b\000l\000e\000s}{section*.1}% 2
\BOOKMARK [1][]{section.1.1}{\376\377\000V\000a\000r\000i\000e\000d\000a\000d\000e\000s\000\040\000d\000i\000f\000e\000r\000e\000n\000c\000i\000a\000b\000l\000e\000s}{chapter.1}% 3
\BOOKMARK [1][]{section.1.2}{\376\377\000V\000e\000c\000t\000o\000r\000e\000s\000\040\000t\000a\000n\000g\000e\000n\000t\000e\000s}{chapter.1}% 4
\BOOKMARK [1][]{section.1.3}{\376\377\000D\000i\000f\000e\000r\000e\000n\000c\000i\000a\000l\000\040\000d\000e\000\040\000u\000n\000a\000\040\000a\000p\000l\000i\000c\000a\000c\000i\000\363\000n}{chapter.1}% 5
\BOOKMARK [1][]{section.1.4}{\376\377\000S\000u\000b\000v\000a\000r\000i\000e\000d\000a\000d\000e\000s}{chapter.1}% 6
\BOOKMARK [2][]{subsection.1.4.1}{\376\377\000E\000j\000e\000r\000c\000i\000c\000i\000o\000s\000\040\0001\0004\000-\0001\0008\000\040\000d\000e\000\040\000a\000g\000o\000s\000t\000o}{section.1.4}% 7
\BOOKMARK [1][]{section.1.5}{\376\377\000I\000n\000m\000e\000r\000s\000i\000o\000n\000e\000s\000,\000\040\000s\000u\000m\000e\000r\000s\000i\000o\000n\000e\000s\000\040\000y\000\040\000e\000n\000c\000a\000j\000e\000s}{chapter.1}% 8
\BOOKMARK [1][]{section.1.6}{\376\377\000C\000a\000m\000p\000o\000s\000\040\000v\000e\000c\000t\000o\000r\000i\000a\000l\000e\000s}{chapter.1}% 9
\BOOKMARK [1][]{section.1.7}{\376\377\000C\000o\000r\000c\000h\000e\000t\000e\000\040\000d\000e\000\040\000L\000i\000e}{chapter.1}% 10
\BOOKMARK [2][]{subsection.1.7.1}{\376\377\000E\000j\000e\000r\000c\000i\000c\000i\000o\000s\000\040\0004\000-\0008\000\040\000s\000e\000p\000t\000i\000e\000m\000b\000r\000e}{section.1.7}% 11
\BOOKMARK [1][]{section.1.8}{\376\377\000T\000e\000o\000r\000e\000m\000a\000\040\000d\000e\000\040\000r\000e\000c\000t\000i\000f\000i\000c\000a\000c\000i\000\363\000n}{chapter.1}% 12
\BOOKMARK [0][]{chapter.2}{\376\377\000F\000o\000r\000m\000a\000s\000\040\000y\000\040\000t\000e\000n\000s\000o\000r\000e\000s}{section*.1}% 13
\BOOKMARK [1][]{section.2.1}{\376\377\000T\000e\000n\000s\000o\000r\000e\000s}{chapter.2}% 14
\BOOKMARK [1][]{section.2.2}{\376\377\000C\000o\000v\000e\000c\000t\000o\000r\000e\000s}{chapter.2}% 15
\BOOKMARK [1][]{section.2.3}{\376\377\000F\000o\000r\000m\000a\000s\000\040\000d\000i\000f\000e\000r\000e\000n\000c\000i\000a\000l\000e\000s}{chapter.2}% 16
\BOOKMARK [1][]{section.2.4}{\376\377\000D\000e\000r\000i\000v\000a\000d\000a\000\040\000e\000x\000t\000e\000r\000i\000o\000r}{chapter.2}% 17
\BOOKMARK [1][]{section.2.5}{\376\377\000V\000a\000r\000i\000e\000d\000a\000d\000e\000s\000\040\000o\000r\000i\000e\000n\000t\000a\000b\000l\000e\000s\000\040\000y\000\040\000n\000o\000\040\000o\000r\000i\000e\000n\000t\000a\000b\000l\000e\000s}{chapter.2}% 18
\BOOKMARK [2][]{subsection.2.5.1}{\376\377\000E\000j\000e\000r\000c\000i\000c\000i\000o\000s\000\040\0001\0004\000\040\000d\000e\000\040\000s\000e\000p\000t\000i\000e\000m\000b\000r\000e}{section.2.5}% 19
\BOOKMARK [2][]{subsection.2.5.2}{\376\377\000M\000\341\000s\000\040\000s\000o\000b\000r\000e\000\040\000o\000r\000i\000e\000n\000t\000a\000c\000i\000o\000n\000e\000s}{section.2.5}% 20
\BOOKMARK [2][]{subsection.2.5.3}{\376\377\000M\000\341\000s\000\040\000s\000o\000b\000r\000e\000\040\000v\000a\000r\000i\000e\000d\000a\000d\000e\000s\000\040\000c\000o\000c\000i\000e\000n\000t\000e}{section.2.5}% 21
\BOOKMARK [1][]{section.2.6}{\376\377\000C\000a\000m\000b\000i\000o\000s\000\040\000d\000e\000\040\000c\000o\000o\000r\000d\000e\000n\000a\000d\000a\000s}{chapter.2}% 22
\BOOKMARK [1][]{section.2.7}{\376\377\000C\000a\000m\000p\000o\000s\000\040\000t\000e\000n\000s\000o\000r\000i\000a\000l\000e\000s}{chapter.2}% 23
\BOOKMARK [1][]{section.2.8}{\376\377\000C\000o\000n\000t\000r\000a\000c\000c\000i\000\363\000n}{chapter.2}% 24
\BOOKMARK [1][]{section.2.9}{\376\377\000D\000e\000r\000i\000v\000a\000c\000i\000o\000n\000e\000s\000\040\000d\000e\000\040\000c\000a\000m\000p\000o\000s\000\040\000t\000e\000n\000s\000o\000r\000i\000a\000l\000e\000s}{chapter.2}% 25
\BOOKMARK [1][]{section.2.10}{\376\377\000I\000n\000t\000e\000r\000p\000r\000e\000t\000a\000c\000i\000o\000n\000e\000s}{chapter.2}% 26
\BOOKMARK [1][]{section.2.11}{\376\377\000E\000j\000e\000r\000c\000i\000c\000i\000o\000s\000\040\000d\000e\000\040\000c\000a\000m\000p\000o\000s\000\040\000t\000e\000n\000s\000o\000r\000i\000a\000l\000e\000s}{chapter.2}% 27
\BOOKMARK [2][]{subsection.2.11.1}{\376\377\000M\000\341\000s\000\040\000s\000o\000b\000r\000e\000\040\000c\000a\000m\000p\000o\000s\000\040\000t\000e\000n\000s\000o\000r\000i\000a\000l\000e\000s}{section.2.11}% 28
\BOOKMARK [0][]{chapter.3}{\376\377\000V\000a\000r\000i\000e\000d\000a\000d\000e\000s\000\040\000R\000i\000e\000m\000a\000n\000n\000i\000a\000n\000a\000s}{section*.1}% 29
\BOOKMARK [1][]{section.3.1}{\376\377\000M\000\351\000t\000r\000i\000c\000a\000\040\000R\000i\000e\000m\000a\000n\000n\000i\000a\000n\000a}{chapter.3}% 30
\BOOKMARK [1][]{section.3.2}{\376\377\000C\000o\000n\000e\000x\000i\000o\000n\000e\000s}{chapter.3}% 31
\BOOKMARK [1][]{section.3.3}{\376\377\000S\000\355\000m\000b\000o\000l\000o\000s\000\040\000d\000e\000\040\000C\000h\000r\000i\000s\000t\000o\000f\000f\000e\000l}{chapter.3}% 32
\BOOKMARK [0][]{chapter.4}{\376\377\000R\000e\000f\000e\000r\000e\000n\000c\000i\000a\000s}{section*.1}% 33
